<?xml version="1.0" encoding="UTF-8"?>
<!-- Generated by org.testng.reporters.JUnitXMLReporter -->
<testsuite ignored="3" hostname="AT-DT-006" failures="0" tests="4" name="TestMethodsInDemo1AndDemo2" time="0.033" errors="0" timestamp="2024-07-24T16:15:42 IST">
  <testcase classname="Test.Demo1" name="LoanStatements" time="0.003"/>
  <testcase classname="Test.Demo1" name="Loanretrival" time="0.0"/>
  <testcase classname="Test.Demo2" name="ApplicationForm" time="0.0"/>
  <testcase classname="Test.Demo2" name="ApplicationEntry" time="0.0"/>
  <testcase classname="Test.Demo1" name="LoanApplicationProcess" time="0.0">
    <ignored/>
  </testcase> <!-- LoanApplicationProcess -->
  <testcase classname="Test.Demo1" name="LoanStatementsVerification" time="0.0">
    <ignored/>
  </testcase> <!-- LoanStatementsVerification -->
  <testcase classname="Test.Demo1" name="LoanRetrivalDetailsCheck" time="0.0">
    <ignored/>
  </testcase> <!-- LoanRetrivalDetailsCheck -->
</testsuite> <!-- TestMethodsInDemo1AndDemo2 -->
