<?xml version="1.0" encoding="UTF-8"?>
<testng-results ignored="3" total="7" passed="4" failed="0" skipped="0">
  <reporter-output>
  </reporter-output>
  <suite started-at="2024-07-24T16:15:42 IST" name="MyTestSuite" finished-at="2024-07-24T16:15:42 IST" duration-ms="33">
    <groups>
    </groups>
    <test started-at="2024-07-24T16:15:42 IST" name="TestMethodsInDemo1AndDemo2" finished-at="2024-07-24T16:15:42 IST" duration-ms="33">
      <class name="Test.Demo2">
        <test-method is-config="true" signature="setupBeforeTest()[pri:0, instance:Test.Demo2@316bcf94]" started-at="2024-07-24T16:15:42 IST" name="setupBeforeTest" finished-at="2024-07-24T16:15:42 IST" duration-ms="4" status="PASS">
          <reporter-output>
          </reporter-output>
        </test-method> <!-- setupBeforeTest -->
        <test-method is-config="true" signature="setupBeforeMethod()[pri:0, instance:Test.Demo2@316bcf94]" started-at="2024-07-24T16:15:42 IST" name="setupBeforeMethod" finished-at="2024-07-24T16:15:42 IST" duration-ms="0" status="PASS">
          <reporter-output>
          </reporter-output>
        </test-method> <!-- setupBeforeMethod -->
        <test-method signature="ApplicationForm()[pri:0, instance:Test.Demo2@316bcf94]" started-at="2024-07-24T16:15:42 IST" name="ApplicationForm" finished-at="2024-07-24T16:15:42 IST" duration-ms="0" status="PASS">
          <reporter-output>
          </reporter-output>
        </test-method> <!-- ApplicationForm -->
        <test-method signature="ApplicationEntry()[pri:0, instance:Test.Demo2@316bcf94]" started-at="2024-07-24T16:15:42 IST" name="ApplicationEntry" finished-at="2024-07-24T16:15:42 IST" duration-ms="0" status="PASS">
          <reporter-output>
          </reporter-output>
        </test-method> <!-- ApplicationEntry -->
        <test-method is-config="true" signature="setupBeforeMethod()[pri:0, instance:Test.Demo2@316bcf94]" started-at="2024-07-24T16:15:42 IST" name="setupBeforeMethod" finished-at="2024-07-24T16:15:42 IST" duration-ms="0" status="PASS">
          <reporter-output>
          </reporter-output>
        </test-method> <!-- setupBeforeMethod -->
      </class> <!-- Test.Demo2 -->
      <class name="Test.Demo1">
        <test-method signature="LoanStatements()[pri:0, instance:Test.Demo1@28f2a10f]" started-at="2024-07-24T16:15:42 IST" name="LoanStatements" finished-at="2024-07-24T16:15:42 IST" duration-ms="3" status="PASS">
          <reporter-output>
          </reporter-output>
        </test-method> <!-- LoanStatements -->
        <test-method signature="Loanretrival()[pri:0, instance:Test.Demo1@28f2a10f]" started-at="2024-07-24T16:15:42 IST" name="Loanretrival" finished-at="2024-07-24T16:15:42 IST" duration-ms="0" status="PASS">
          <reporter-output>
          </reporter-output>
        </test-method> <!-- Loanretrival -->
      </class> <!-- Test.Demo1 -->
    </test> <!-- TestMethodsInDemo1AndDemo2 -->
  </suite> <!-- MyTestSuite -->
</testng-results>
